[0625/144341.472:ERROR:prune_crash_reports.cc(35)] PruneCrashReportDatabase: Failed to get pending reports
[0625/144640.243:ERROR:prune_crash_reports.cc(35)] PruneCrashReportDatabase: Failed to get pending reports
[0629/164100.961:ERROR:process_reader_win.cc(188)] ResumeThread: The parameter is incorrect. (0x57)
[0629/164101.026:ERROR:process_reader_win.cc(123)] NtOpenThread: An invalid Client ID was specified. (0xc000000b)
[0629/164101.026:ERROR:process_reader_win.cc(123)] NtOpenThread: An invalid Client ID was specified. (0xc000000b)
[0629/164101.026:ERROR:process_reader_win.cc(123)] NtOpenThread: An invalid Client ID was specified. (0xc000000b)
[0629/164101.026:ERROR:process_reader_win.cc(123)] NtOpenThread: An invalid Client ID was specified. (0xc000000b)
[0629/164101.026:ERROR:process_reader_win.cc(123)] NtOpenThread: An invalid Client ID was specified. (0xc000000b)
[0629/164101.026:ERROR:process_reader_win.cc(123)] NtOpenThread: An invalid Client ID was specified. (0xc000000b)
[0629/164101.026:ERROR:process_reader_win.cc(123)] NtOpenThread: An invalid Client ID was specified. (0xc000000b)
[0629/164101.026:ERROR:process_reader_win.cc(123)] NtOpenThread: An invalid Client ID was specified. (0xc000000b)
[0629/164101.027:ERROR:process_reader_win.cc(123)] NtOpenThread: An invalid Client ID was specified. (0xc000000b)
[0629/164101.027:ERROR:process_reader_win.cc(123)] NtOpenThread: An invalid Client ID was specified. (0xc000000b)
[0629/164101.027:ERROR:exception_snapshot_win.cc(98)] thread ID 9652 not found in process
[0629/164101.027:ERROR:scoped_process_suspend.cc(40)] NtResumeProcess: An attempt was made to access an exiting process. (0xc000010a)
[0723/165107.009:ERROR:process_info.cc(329)] VirtualQueryEx: Access is denied. (0x5)
[0723/165107.058:ERROR:process_info.cc(556)] ReadMemoryInfo failed
[0723/165107.058:ERROR:scoped_process_suspend.cc(40)] NtResumeProcess: An attempt was made to access an exiting process. (0xc000010a)
[0723/165109.819:ERROR:process_reader_win.cc(151)] SuspendThread: Access is denied. (0x5)
[0723/165109.820:ERROR:exception_snapshot_win.cc(98)] thread ID 6784 not found in process
[0723/165109.820:ERROR:scoped_process_suspend.cc(40)] NtResumeProcess: An attempt was made to access an exiting process. (0xc000010a)
